<?xml version="1.0" encoding="UTF-8"?>
<!-- Generated by org.testng.reporters.JUnitXMLReporter -->
<testsuite hostname="Pavanis-MBP.lan" ignored="4" name="Regression" tests="7" failures="0" timestamp="2021-10-29T11:35:25 PDT" time="0.086" errors="0">
  <testcase name="Method2" time="0.007" classname="day1.Test1"/>
  <testcase name="example" time="0.001" classname="day1.Test2"/>
  <testcase name="ApiLogin" time="0.001" classname="day1.CarLoan"/>
  <testcase name="MobileLogin" time="0.001" classname="day1.CarLoan"/>
  <testcase name="MobileBillPay" time="0.005" classname="day1.HomeLoan"/>
  <testcase name="MobileHomeLoan" time="0.001" classname="day1.HomeLoan"/>
  <testcase name="WebHomeLoan" time="0.003" classname="day1.HomeLoan"/>
  <testcase name="Method1" time="0.0" classname="day1.Test1">
    <ignored/>
  </testcase> <!-- Method1 -->
  <testcase name="webLogin" time="0.0" classname="day1.CarLoan">
    <ignored/>
  </testcase> <!-- webLogin -->
  <testcase name="MobileRecieveBill" time="0.0" classname="day1.HomeLoan">
    <ignored/>
  </testcase> <!-- MobileRecieveBill -->
  <testcase name="example1" time="0.0" classname="day1.Test2">
    <ignored/>
  </testcase> <!-- example1 -->
</testsuite> <!-- Regression -->
