<?xml version="1.0" encoding="UTF-8"?>
<!-- Generated by org.testng.reporters.JUnitXMLReporter -->
<testsuite hostname="Pavanis-MBP.lan" ignored="0" name="Default test" tests="3" failures="0" timestamp="2021-11-01T12:24:30 PDT" time="0.069" errors="0">
  <testcase name="parentMethod" time="0.006" classname="day1.DataProviderForTests"/>
  <testcase name="parentMethod" time="0.001" classname="day1.DataProviderForTests"/>
  <testcase name="parentMethod" time="0.002" classname="day1.DataProviderForTests"/>
</testsuite> <!-- Default test -->
