<?xml version="1.0" encoding="UTF-8"?>
<!-- Generated by org.testng.reporters.JUnitXMLReporter -->
<testsuite hostname="Pavanis-MBP.lan" ignored="0" name="HolePackage" tests="11" failures="0" timestamp="2021-10-29T12:24:23 PDT" time="0.135" errors="0">
  <testcase name="ApiLogin" time="0.011" classname="day1.CarLoan"/>
  <testcase name="MobileLogin" time="0.002" classname="day1.CarLoan"/>
  <testcase name="webLogin" time="0.002" classname="day1.CarLoan"/>
  <testcase name="MobileHomeLoan" time="0.007" classname="day1.HomeLoan"/>
  <testcase name="MobileRecieveBill" time="0.003" classname="day1.HomeLoan"/>
  <testcase name="MobileBillPay" time="0.002" classname="day1.HomeLoan"/>
  <testcase name="WebHomeLoan" time="0.001" classname="day1.HomeLoan"/>
  <testcase name="example" time="0.003" classname="day1.Test2"/>
  <testcase name="example1" time="0.004" classname="day1.Test2"/>
  <testcase name="Method1" time="0.001" classname="day1.Test1"/>
  <testcase name="Method2" time="0.001" classname="day1.Test1"/>
</testsuite> <!-- HolePackage -->
