<?xml version="1.0" encoding="UTF-8"?>
<!-- Generated by org.testng.reporters.JUnitXMLReporter -->
<testsuite hostname="Pavanis-MBP.lan" ignored="0" name="HomeLoans" tests="4" failures="0" timestamp="2021-11-02T11:44:05 PDT" time="0.021" errors="0">
  <testcase name="MobileHomeLoan" time="0.002" classname="day1.HomeLoan"/>
  <testcase name="MobileRecieveBill" time="0.002" classname="day1.HomeLoan"/>
  <testcase name="MobileBillPay" time="0.001" classname="day1.HomeLoan"/>
  <testcase name="WebHomeLoan" time="0.001" classname="day1.HomeLoan"/>
</testsuite> <!-- HomeLoans -->
