<?xml version="1.0" encoding="UTF-8"?>
<!-- Generated by org.testng.reporters.JUnitXMLReporter -->
<testsuite hostname="Pavanis-MBP.lan" ignored="1" name="Test" tests="3" failures="1" timestamp="2021-11-02T11:44:05 PDT" time="0.076" errors="0">
  <testcase name="Method2" time="0.008" classname="day1.Test1"/>
  <testcase name="example" time="0.006" classname="day1.Test2">
    <failure type="java.lang.AssertionError" message="expected [true] but found [false]">
      <![CDATA[java.lang.AssertionError: expected [true] but found [false]
at day1.Test2.example(Test2.java:14)
at java.util.ArrayList.forEach(ArrayList.java:1249)
at java.util.concurrent.FutureTask.run(FutureTask.java:266)
at java.util.concurrent.ThreadPoolExecutor.runWorker(ThreadPoolExecutor.java:1142)
at java.util.concurrent.ThreadPoolExecutor$Worker.run(ThreadPoolExecutor.java:617)
at java.lang.Thread.run(Thread.java:745)
... Removed 22 stack frames]]>
    </failure>
  </testcase> <!-- example -->
  <testcase name="example1" time="0.001" classname="day1.Test2"/>
  <testcase name="Method1" time="0.0" classname="day1.Test1">
    <ignored/>
  </testcase> <!-- Method1 -->
</testsuite> <!-- Test -->
