<?xml version="1.0" encoding="UTF-8"?>
<testng-results ignored="0" total="1" passed="1" failed="0" skipped="0">
  <reporter-output>
  </reporter-output>
  <suite started-at="2022-04-04T11:45:56 PDT" name="Default suite" finished-at="2022-04-04T11:45:56 PDT" duration-ms="343">
    <groups>
    </groups>
    <test started-at="2022-04-04T11:45:56 PDT" name="Default test" finished-at="2022-04-04T11:45:56 PDT" duration-ms="343">
      <class name="TestNumberOfDigits">
        <test-method signature="test()[pri:0, instance:TestNumberOfDigits@36d585c]" started-at="2022-04-04T11:45:56 PDT" name="test" finished-at="2022-04-04T11:45:56 PDT" duration-ms="66" status="PASS">
          <reporter-output>
          </reporter-output>
        </test-method> <!-- test -->
      </class> <!-- TestNumberOfDigits -->
    </test> <!-- Default test -->
  </suite> <!-- Default suite -->
</testng-results>
